  [1m[35m (780.4ms)[0m  [1m[35mCREATE DATABASE "w3d2hw_development" ENCODING = 'unicode'[0m
  ↳ /Users/KanyeMain/.rbenv/versions/2.5.1/bin/rake:23
  [1m[35m (388.2ms)[0m  [1m[35mCREATE DATABASE "w3d2hw_test" ENCODING = 'unicode'[0m
  ↳ /Users/KanyeMain/.rbenv/versions/2.5.1/bin/rake:23
  [1m[35m (68.9ms)[0m  [1m[35mCREATE TABLE "schema_migrations" ("version" character varying NOT NULL PRIMARY KEY)[0m
  ↳ /Users/KanyeMain/.rbenv/versions/2.5.1/bin/rake:23
  [1m[35m (29.6ms)[0m  [1m[35mCREATE TABLE "ar_internal_metadata" ("key" character varying NOT NULL PRIMARY KEY, "value" character varying, "created_at" timestamp NOT NULL, "updated_at" timestamp NOT NULL)[0m
  ↳ /Users/KanyeMain/.rbenv/versions/2.5.1/bin/rake:23
  [1m[35m (2.7ms)[0m  [1m[34mSELECT pg_try_advisory_lock(1717429507255839090)[0m
  ↳ /Users/KanyeMain/.rbenv/versions/2.5.1/bin/rake:23
  [1m[35m (3.4ms)[0m  [1m[34mSELECT "schema_migrations"."version" FROM "schema_migrations" ORDER BY "schema_migrations"."version" ASC[0m
  ↳ /Users/KanyeMain/.rbenv/versions/2.5.1/bin/rake:23
Migrating to CreatePeople (20190123054242)
  [1m[35m (0.4ms)[0m  [1m[35mBEGIN[0m
  ↳ /Users/KanyeMain/.rbenv/versions/2.5.1/bin/rake:23
  [1m[35m (34.1ms)[0m  [1m[35mCREATE TABLE "people" ("id" bigserial primary key, "name" character varying NOT NULL, "created_at" timestamp NOT NULL, "updated_at" timestamp NOT NULL, "house_id" integer NOT NULL)[0m
  ↳ db/migrate/20190123054242_create_people.rb:3
  [1m[36mActiveRecord::SchemaMigration Create (0.7ms)[0m  [1m[32mINSERT INTO "schema_migrations" ("version") VALUES ($1) RETURNING "version"[0m  [["version", "20190123054242"]]
  ↳ /Users/KanyeMain/.rbenv/versions/2.5.1/bin/rake:23
  [1m[35m (8.6ms)[0m  [1m[35mCOMMIT[0m
  ↳ /Users/KanyeMain/.rbenv/versions/2.5.1/bin/rake:23
  [1m[36mActiveRecord::InternalMetadata Load (0.8ms)[0m  [1m[34mSELECT  "ar_internal_metadata".* FROM "ar_internal_metadata" WHERE "ar_internal_metadata"."key" = $1 LIMIT $2[0m  [["key", "environment"], ["LIMIT", 1]]
  ↳ /Users/KanyeMain/.rbenv/versions/2.5.1/bin/rake:23
  [1m[35m (0.3ms)[0m  [1m[35mBEGIN[0m
  ↳ /Users/KanyeMain/.rbenv/versions/2.5.1/bin/rake:23
  [1m[36mActiveRecord::InternalMetadata Create (0.7ms)[0m  [1m[32mINSERT INTO "ar_internal_metadata" ("key", "value", "created_at", "updated_at") VALUES ($1, $2, $3, $4) RETURNING "key"[0m  [["key", "environment"], ["value", "development"], ["created_at", "2019-01-23 05:51:23.255471"], ["updated_at", "2019-01-23 05:51:23.255471"]]
  ↳ /Users/KanyeMain/.rbenv/versions/2.5.1/bin/rake:23
  [1m[35m (2.4ms)[0m  [1m[35mCOMMIT[0m
  ↳ /Users/KanyeMain/.rbenv/versions/2.5.1/bin/rake:23
  [1m[35m (0.4ms)[0m  [1m[34mSELECT pg_advisory_unlock(1717429507255839090)[0m
  ↳ /Users/KanyeMain/.rbenv/versions/2.5.1/bin/rake:23
  [1m[35m (0.4ms)[0m  [1m[34mSELECT "schema_migrations"."version" FROM "schema_migrations" ORDER BY "schema_migrations"."version" ASC[0m
  ↳ /Users/KanyeMain/.rbenv/versions/2.5.1/bin/rake:23
  [1m[35m (8.4ms)[0m  [1m[35mCREATE DATABASE "w3d2hw_development" ENCODING = 'unicode'[0m
  ↳ /Users/KanyeMain/.rbenv/versions/2.5.1/bin/rake:23
  [1m[35m (1.1ms)[0m  [1m[35mCREATE DATABASE "w3d2hw_test" ENCODING = 'unicode'[0m
  ↳ /Users/KanyeMain/.rbenv/versions/2.5.1/bin/rake:23
  [1m[35m (0.5ms)[0m  [1m[34mSELECT pg_try_advisory_lock(1717429507255839090)[0m
  ↳ /Users/KanyeMain/.rbenv/versions/2.5.1/bin/rake:23
  [1m[35m (1.6ms)[0m  [1m[34mSELECT "schema_migrations"."version" FROM "schema_migrations" ORDER BY "schema_migrations"."version" ASC[0m
  ↳ /Users/KanyeMain/.rbenv/versions/2.5.1/bin/rake:23
Migrating to CreateHouses (20190123055316)
  [1m[35m (0.3ms)[0m  [1m[35mBEGIN[0m
  ↳ /Users/KanyeMain/.rbenv/versions/2.5.1/bin/rake:23
  [1m[35m (13.1ms)[0m  [1m[35mCREATE TABLE "houses" ("id" bigserial primary key, "address" character varying NOT NULL, "created_at" timestamp NOT NULL, "updated_at" timestamp NOT NULL)[0m
  ↳ db/migrate/20190123055316_create_houses.rb:3
  [1m[36mActiveRecord::SchemaMigration Create (0.5ms)[0m  [1m[32mINSERT INTO "schema_migrations" ("version") VALUES ($1) RETURNING "version"[0m  [["version", "20190123055316"]]
  ↳ /Users/KanyeMain/.rbenv/versions/2.5.1/bin/rake:23
  [1m[35m (2.3ms)[0m  [1m[35mCOMMIT[0m
  ↳ /Users/KanyeMain/.rbenv/versions/2.5.1/bin/rake:23
  [1m[36mActiveRecord::InternalMetadata Load (1.1ms)[0m  [1m[34mSELECT  "ar_internal_metadata".* FROM "ar_internal_metadata" WHERE "ar_internal_metadata"."key" = $1 LIMIT $2[0m  [["key", "environment"], ["LIMIT", 1]]
  ↳ /Users/KanyeMain/.rbenv/versions/2.5.1/bin/rake:23
  [1m[35m (0.3ms)[0m  [1m[35mBEGIN[0m
  ↳ /Users/KanyeMain/.rbenv/versions/2.5.1/bin/rake:23
  [1m[35m (0.2ms)[0m  [1m[35mCOMMIT[0m
  ↳ /Users/KanyeMain/.rbenv/versions/2.5.1/bin/rake:23
  [1m[35m (0.3ms)[0m  [1m[34mSELECT pg_advisory_unlock(1717429507255839090)[0m
  ↳ /Users/KanyeMain/.rbenv/versions/2.5.1/bin/rake:23
  [1m[35m (0.3ms)[0m  [1m[34mSELECT "schema_migrations"."version" FROM "schema_migrations" ORDER BY "schema_migrations"."version" ASC[0m
  ↳ /Users/KanyeMain/.rbenv/versions/2.5.1/bin/rake:23
  [1m[36mHouse Load (6.8ms)[0m  [1m[34mSELECT "houses".* FROM "houses"[0m
  [1m[35m (0.2ms)[0m  [1m[35mBEGIN[0m
  [1m[36mHouse Exists (1.3ms)[0m  [1m[34mSELECT  1 AS one FROM "houses" WHERE "houses"."address" = $1 LIMIT $2[0m  [["address", "123 Wallaby Lane"], ["LIMIT", 1]]
  [1m[36mHouse Create (6.6ms)[0m  [1m[32mINSERT INTO "houses" ("address", "created_at", "updated_at") VALUES ($1, $2, $3) RETURNING "id"[0m  [["address", "123 Wallaby Lane"], ["created_at", "2019-01-23 06:22:58.350765"], ["updated_at", "2019-01-23 06:22:58.350765"]]
  [1m[35m (3.0ms)[0m  [1m[35mCOMMIT[0m
  [1m[36mHouse Load (0.6ms)[0m  [1m[34mSELECT "houses".* FROM "houses"[0m
  [1m[35m (0.3ms)[0m  [1m[35mBEGIN[0m
  [1m[36mPerson Exists (2.9ms)[0m  [1m[34mSELECT  1 AS one FROM "people" WHERE "people"."name" = $1 LIMIT $2[0m  [["name", "nemo"], ["LIMIT", 1]]
  [1m[36mHouse Load (0.4ms)[0m  [1m[34mSELECT  "houses".* FROM "houses" WHERE "houses"."id" = $1 LIMIT $2[0m  [["id", 1], ["LIMIT", 1]]
  [1m[36mPerson Create (0.7ms)[0m  [1m[32mINSERT INTO "people" ("name", "created_at", "updated_at", "house_id") VALUES ($1, $2, $3, $4) RETURNING "id"[0m  [["name", "nemo"], ["created_at", "2019-01-23 06:28:19.586933"], ["updated_at", "2019-01-23 06:28:19.586933"], ["house_id", 1]]
  [1m[35m (5.3ms)[0m  [1m[35mCOMMIT[0m
  [1m[35m (0.4ms)[0m  [1m[35mBEGIN[0m
  [1m[36mPerson Exists (1.3ms)[0m  [1m[34mSELECT  1 AS one FROM "people" WHERE "people"."name" = $1 LIMIT $2[0m  [["name", "Hong"], ["LIMIT", 1]]
  [1m[36mHouse Load (0.7ms)[0m  [1m[34mSELECT  "houses".* FROM "houses" WHERE "houses"."id" = $1 LIMIT $2[0m  [["id", 1], ["LIMIT", 1]]
  [1m[36mPerson Create (0.7ms)[0m  [1m[32mINSERT INTO "people" ("name", "created_at", "updated_at", "house_id") VALUES ($1, $2, $3, $4) RETURNING "id"[0m  [["name", "Hong"], ["created_at", "2019-01-23 06:28:22.102845"], ["updated_at", "2019-01-23 06:28:22.102845"], ["house_id", 1]]
  [1m[35m (2.6ms)[0m  [1m[35mCOMMIT[0m
  [1m[36mPerson Load (0.5ms)[0m  [1m[34mSELECT "people".* FROM "people"[0m
  [1m[36mPerson Load (0.4ms)[0m  [1m[34mSELECT "people".* FROM "people" WHERE "people"."house_id" = $1[0m  [["house_id", 1]]
